#! /c/Source/iverilog-install/bin/vvp
:ivl_version "12.0 (devel)" "(s20150603-1110-g18392a46)";
:ivl_delay_selection "TYPICAL";
:vpi_time_precision + 0;
:vpi_module "D:\Programs\iverilog\lib\ivl\system.vpi";
:vpi_module "D:\Programs\iverilog\lib\ivl\vhdl_sys.vpi";
:vpi_module "D:\Programs\iverilog\lib\ivl\vhdl_textio.vpi";
:vpi_module "D:\Programs\iverilog\lib\ivl\v2005_math.vpi";
:vpi_module "D:\Programs\iverilog\lib\ivl\va_math.vpi";
S_000001b8685f2be0 .scope module, "top_module" "top_module" 2 3;
 .timescale 0 0;
    .port_info 0 /INPUT 3 "vec";
    .port_info 1 /OUTPUT 3 "outv";
    .port_info 2 /OUTPUT 1 "o2";
    .port_info 3 /OUTPUT 1 "o1";
    .port_info 4 /OUTPUT 1 "o0";
o000001b868627058 .functor BUFZ 3, C4<zzz>; HiZ drive
L_000001b8684bef50 .functor BUFZ 3, o000001b868627058, C4<000>, C4<000>, C4<000>;
v000001b8686252c0_0 .net "o0", 0 0, L_000001b8685f2d70;  1 drivers
v000001b8684b7ff0_0 .net "o1", 0 0, L_000001b8685f2e10;  1 drivers
v000001b8684b7460_0 .net "o2", 0 0, L_000001b8685f2eb0;  1 drivers
v000001b8684bee10_0 .net "outv", 2 0, L_000001b8684bef50;  1 drivers
v000001b8684beeb0_0 .net "vec", 2 0, o000001b868627058;  0 drivers
L_000001b8685f2d70 .part o000001b868627058, 0, 1;
L_000001b8685f2e10 .part o000001b868627058, 1, 1;
L_000001b8685f2eb0 .part o000001b868627058, 2, 1;
# The file index is used to find the file name in the following table.
:file_names 3;
    "N/A";
    "<interactive>";
    "00_vector0.v";
