#! /c/Source/iverilog-install/bin/vvp
:ivl_version "12.0 (devel)" "(s20150603-1110-g18392a46)";
:ivl_delay_selection "TYPICAL";
:vpi_time_precision + 0;
:vpi_module "D:\Programs\iverilog\lib\ivl\system.vpi";
:vpi_module "D:\Programs\iverilog\lib\ivl\vhdl_sys.vpi";
:vpi_module "D:\Programs\iverilog\lib\ivl\vhdl_textio.vpi";
:vpi_module "D:\Programs\iverilog\lib\ivl\v2005_math.vpi";
:vpi_module "D:\Programs\iverilog\lib\ivl\va_math.vpi";
S_0000028244482be0 .scope module, "top_module" "top_module" 2 3;
 .timescale 0 0;
    .port_info 0 /INPUT 32 "in";
    .port_info 1 /OUTPUT 32 "out";
v000002824465a720_0 .net *"_ivl_11", 7 0, L_000002824465ae00;  1 drivers
v000002824465a540_0 .net *"_ivl_16", 7 0, L_000002824465ab80;  1 drivers
v000002824465b440_0 .net *"_ivl_3", 7 0, L_000002824465a900;  1 drivers
v000002824465aea0_0 .net *"_ivl_7", 7 0, L_000002824465ac20;  1 drivers
o00000282444b7038 .functor BUFZ 32, C4<zzzzzzzzzzzzzzzzzzzzzzzzzzzzzzzz>; HiZ drive
v000002824465b3a0_0 .net "in", 31 0, o00000282444b7038;  0 drivers
v000002824465a7c0_0 .net "out", 31 0, L_000002824465acc0;  1 drivers
L_000002824465a900 .part o00000282444b7038, 0, 8;
L_000002824465ac20 .part o00000282444b7038, 8, 8;
L_000002824465ae00 .part o00000282444b7038, 16, 8;
L_000002824465acc0 .concat8 [ 8 8 8 8], L_000002824465ab80, L_000002824465ae00, L_000002824465ac20, L_000002824465a900;
L_000002824465ab80 .part o00000282444b7038, 24, 8;
# The file index is used to find the file name in the following table.
:file_names 3;
    "N/A";
    "<interactive>";
    "02_vector2.v";
