#! /c/Source/iverilog-install/bin/vvp
:ivl_version "12.0 (devel)" "(s20150603-1110-g18392a46)";
:ivl_delay_selection "TYPICAL";
:vpi_time_precision + 0;
:vpi_module "D:\Programs\iverilog\lib\ivl\system.vpi";
:vpi_module "D:\Programs\iverilog\lib\ivl\vhdl_sys.vpi";
:vpi_module "D:\Programs\iverilog\lib\ivl\vhdl_textio.vpi";
:vpi_module "D:\Programs\iverilog\lib\ivl\v2005_math.vpi";
:vpi_module "D:\Programs\iverilog\lib\ivl\va_math.vpi";
S_0000017ec3562c00 .scope module, "top_module" "top_module" 2 2;
 .timescale 0 0;
    .port_info 0 /INPUT 1 "in";
    .port_info 1 /OUTPUT 1 "out";
o0000017ec35969e8 .functor BUFZ 1, C4<z>; HiZ drive
L_0000017ec35632b0 .functor NOT 1, o0000017ec35969e8, C4<0>, C4<0>, C4<0>;
v0000017ec35633f0_0 .net "in", 0 0, o0000017ec35969e8;  0 drivers
v0000017ec3562d90_0 .net "out", 0 0, L_0000017ec35632b0;  1 drivers
# The file index is used to find the file name in the following table.
:file_names 3;
    "N/A";
    "<interactive>";
    "basic_notgate.v";
