#! /c/Source/iverilog-install/bin/vvp
:ivl_version "12.0 (devel)" "(s20150603-1110-g18392a46)";
:ivl_delay_selection "TYPICAL";
:vpi_time_precision + 0;
:vpi_module "D:\Programs\iverilog\lib\ivl\system.vpi";
:vpi_module "D:\Programs\iverilog\lib\ivl\vhdl_sys.vpi";
:vpi_module "D:\Programs\iverilog\lib\ivl\vhdl_textio.vpi";
:vpi_module "D:\Programs\iverilog\lib\ivl\v2005_math.vpi";
:vpi_module "D:\Programs\iverilog\lib\ivl\va_math.vpi";
S_0000013811122c00 .scope module, "top_module" "top_module" 2 3;
 .timescale 0 0;
    .port_info 0 /INPUT 1 "a";
    .port_info 1 /INPUT 1 "b";
    .port_info 2 /OUTPUT 1 "out";
o0000013811156eb8 .functor BUFZ 1, C4<z>; HiZ drive
o0000013811156ee8 .functor BUFZ 1, C4<z>; HiZ drive
L_00000138111232b0 .functor OR 1, o0000013811156eb8, o0000013811156ee8, C4<0>, C4<0>;
L_0000013811122ed0 .functor NOT 1, L_00000138111232b0, C4<0>, C4<0>, C4<0>;
v0000013811155210_0 .net *"_ivl_0", 0 0, L_00000138111232b0;  1 drivers
v00000138111233f0_0 .net "a", 0 0, o0000013811156eb8;  0 drivers
v0000013811122d90_0 .net "b", 0 0, o0000013811156ee8;  0 drivers
v0000013811122e30_0 .net "out", 0 0, L_0000013811122ed0;  1 drivers
# The file index is used to find the file name in the following table.
:file_names 3;
    "N/A";
    "<interactive>";
    "basic_norgare.v";
