#! /c/Source/iverilog-install/bin/vvp
:ivl_version "12.0 (devel)" "(s20150603-1110-g18392a46)";
:ivl_delay_selection "TYPICAL";
:vpi_time_precision + 0;
:vpi_module "D:\Programs\iverilog\lib\ivl\system.vpi";
:vpi_module "D:\Programs\iverilog\lib\ivl\vhdl_sys.vpi";
:vpi_module "D:\Programs\iverilog\lib\ivl\vhdl_textio.vpi";
:vpi_module "D:\Programs\iverilog\lib\ivl\v2005_math.vpi";
:vpi_module "D:\Programs\iverilog\lib\ivl\va_math.vpi";
S_00000225ad0eed20 .scope module, "top_module" "top_module" 2 3;
 .timescale 0 0;
    .port_info 0 /INPUT 1 "a";
    .port_info 1 /INPUT 1 "b";
    .port_info 2 /INPUT 1 "c";
    .port_info 3 /INPUT 1 "d";
    .port_info 4 /OUTPUT 1 "out";
    .port_info 5 /OUTPUT 1 "out_n";
o00000225acfc6fd8 .functor BUFZ 1, C4<z>; HiZ drive
o00000225acfc7068 .functor BUFZ 1, C4<z>; HiZ drive
L_00000225acf93080 .functor AND 1, o00000225acfc6fd8, o00000225acfc7068, C4<1>, C4<1>;
o00000225acfc7098 .functor BUFZ 1, C4<z>; HiZ drive
o00000225acfc70c8 .functor BUFZ 1, C4<z>; HiZ drive
L_00000225ad0eaf60 .functor AND 1, o00000225acfc7098, o00000225acfc70c8, C4<1>, C4<1>;
L_00000225ad0ed540 .functor OR 1, L_00000225acf93080, L_00000225ad0eaf60, C4<0>, C4<0>;
L_00000225ad0ed810 .functor BUFZ 1, L_00000225ad0ed540, C4<0>, C4<0>, C4<0>;
L_00000225ad0eef50 .functor NOT 1, L_00000225ad0ed540, C4<0>, C4<0>, C4<0>;
v00000225acf933f0_0 .net "a", 0 0, o00000225acfc6fd8;  0 drivers
v00000225acf92fe0_0 .net "and1", 0 0, L_00000225acf93080;  1 drivers
v00000225ad0eeeb0_0 .net "and2", 0 0, L_00000225ad0eaf60;  1 drivers
v00000225ad0ed770_0 .net "b", 0 0, o00000225acfc7068;  0 drivers
v00000225ad0ed4a0_0 .net "c", 0 0, o00000225acfc7098;  0 drivers
v00000225ad0eacf0_0 .net "d", 0 0, o00000225acfc70c8;  0 drivers
v00000225ad0ead90_0 .net "or1", 0 0, L_00000225ad0ed540;  1 drivers
v00000225ad0eae30_0 .net "out", 0 0, L_00000225ad0ed810;  1 drivers
v00000225acfc1340_0 .net "out_n", 0 0, L_00000225ad0eef50;  1 drivers
# The file index is used to find the file name in the following table.
:file_names 3;
    "N/A";
    "<interactive>";
    "basic_wireDecl.v";
